This is pdfTeX, Version 3.14159265-2.6-1.40.16 (TeX Live 2015/Debian) (preloaded format=pdflatex 2018.2.21)  25 MAY 2018 11:45
entering extended mode
 restricted \write18 enabled.
 %&-line parsing enabled.
**\nonstopmode \input ./sca.tex
(./sca.tex (/usr/share/texlive/texmf-dist/tex/latex/base/article.cls
Document Class: article 2014/09/29 v1.4h Standard LaTeX document class
(/usr/share/texlive/texmf-dist/tex/latex/base/size10.clo
File: size10.clo 2014/09/29 v1.4h Standard LaTeX file (size option)
)
\c@part=\count79
\c@section=\count80
\c@subsection=\count81
\c@subsubsection=\count82
\c@paragraph=\count83
\c@subparagraph=\count84
\c@figure=\count85
\c@table=\count86
\abovecaptionskip=\skip41
\belowcaptionskip=\skip42
\bibindent=\dimen102
)
(/usr/share/texlive/texmf-dist/tex/latex/graphics/graphicx.sty
Package: graphicx 2014/10/28 v1.0g Enhanced LaTeX Graphics (DPC,SPQR)

(/usr/share/texlive/texmf-dist/tex/latex/graphics/keyval.sty
Package: keyval 2014/10/28 v1.15 key=value parser (DPC)
\KV@toks@=\toks14
)
(/usr/share/texlive/texmf-dist/tex/latex/graphics/graphics.sty
Package: graphics 2016/01/03 v1.0q Standard LaTeX Graphics (DPC,SPQR)

(/usr/share/texlive/texmf-dist/tex/latex/graphics/trig.sty
Package: trig 2016/01/03 v1.10 sin cos tan (DPC)
)
(/usr/share/texlive/texmf-dist/tex/latex/latexconfig/graphics.cfg
File: graphics.cfg 2010/04/23 v1.9 graphics configuration of TeX Live
)
Package graphics Info: Driver file: pdftex.def on input line 95.

(/usr/share/texlive/texmf-dist/tex/latex/pdftex-def/pdftex.def
File: pdftex.def 2011/05/27 v0.06d Graphics/color for pdfTeX

(/usr/share/texlive/texmf-dist/tex/generic/oberdiek/infwarerr.sty
Package: infwarerr 2010/04/08 v1.3 Providing info/warning/error messages (HO)
)
(/usr/share/texlive/texmf-dist/tex/generic/oberdiek/ltxcmds.sty
Package: ltxcmds 2011/11/09 v1.22 LaTeX kernel commands for general use (HO)
)
\Gread@gobject=\count87
))
\Gin@req@height=\dimen103
\Gin@req@width=\dimen104
)
(/usr/share/texlive/texmf-dist/tex/latex/graphics/color.sty
Package: color 2016/01/03 v1.1b Standard LaTeX Color (DPC)

(/usr/share/texlive/texmf-dist/tex/latex/latexconfig/color.cfg
File: color.cfg 2007/01/18 v1.5 color configuration of teTeX/TeXLive
)
Package color Info: Driver file: pdftex.def on input line 143.
)
(/usr/share/texlive/texmf-dist/tex/latex/framed/framed.sty
Package: framed 2011/10/22 v 0.96: framed or shaded text with page breaks
\OuterFrameSep=\skip43
\fb@frw=\dimen105
\fb@frh=\dimen106
\FrameRule=\dimen107
\FrameSep=\dimen108
)
(/usr/share/texlive/texmf-dist/tex/latex/base/alltt.sty
Package: alltt 1997/06/16 v2.0g defines alltt environment
)
(/home/gamitjo/jrc/a4a/a4a-dev/FLa4a/vignettes/a4a.sty
Package: a4a 

(/usr/share/texlive/texmf-dist/tex/latex/amsmath/amsmath.sty
Package: amsmath 2016/03/03 v2.15a AMS math features
\@mathmargin=\skip44

For additional information on amsmath, use the `?' option.
(/usr/share/texlive/texmf-dist/tex/latex/amsmath/amstext.sty
Package: amstext 2000/06/29 v2.01 AMS text

(/usr/share/texlive/texmf-dist/tex/latex/amsmath/amsgen.sty
File: amsgen.sty 1999/11/30 v2.0 generic functions
\@emptytoks=\toks15
\ex@=\dimen109
))
(/usr/share/texlive/texmf-dist/tex/latex/amsmath/amsbsy.sty
Package: amsbsy 1999/11/29 v1.2d Bold Symbols
\pmbraise@=\dimen110
)
(/usr/share/texlive/texmf-dist/tex/latex/amsmath/amsopn.sty
Package: amsopn 1999/12/14 v2.01 operator names
)
\inf@bad=\count88
LaTeX Info: Redefining \frac on input line 199.
\uproot@=\count89
\leftroot@=\count90
LaTeX Info: Redefining \overline on input line 297.
\classnum@=\count91
\DOTSCASE@=\count92
LaTeX Info: Redefining \ldots on input line 394.
LaTeX Info: Redefining \dots on input line 397.
LaTeX Info: Redefining \cdots on input line 518.
\Mathstrutbox@=\box26
\strutbox@=\box27
\big@size=\dimen111
LaTeX Font Info:    Redeclaring font encoding OML on input line 630.
LaTeX Font Info:    Redeclaring font encoding OMS on input line 631.
\macc@depth=\count93
\c@MaxMatrixCols=\count94
\dotsspace@=\muskip10
\c@parentequation=\count95
\dspbrk@lvl=\count96
\tag@help=\toks16
\row@=\count97
\column@=\count98
\maxfields@=\count99
\andhelp@=\toks17
\eqnshift@=\dimen112
\alignsep@=\dimen113
\tagshift@=\dimen114
\tagwidth@=\dimen115
\totwidth@=\dimen116
\lineht@=\dimen117
\@envbody=\toks18
\multlinegap=\skip45
\multlinetaggap=\skip46
\mathdisplay@stack=\toks19
LaTeX Info: Redefining \[ on input line 2735.
LaTeX Info: Redefining \] on input line 2736.
)
(/usr/share/texlive/texmf-dist/tex/latex/amsfonts/amssymb.sty
Package: amssymb 2013/01/14 v3.01 AMS font symbols

(/usr/share/texlive/texmf-dist/tex/latex/amsfonts/amsfonts.sty
Package: amsfonts 2013/01/14 v3.01 Basic AMSFonts support
\symAMSa=\mathgroup4
\symAMSb=\mathgroup5
LaTeX Font Info:    Overwriting math alphabet `\mathfrak' in version `bold'
(Font)                  U/euf/m/n --> U/euf/b/n on input line 106.
))
(/usr/share/texlive/texmf-dist/tex/latex/tools/bm.sty
Package: bm 2014/10/28 v1.1c Bold Symbol Support (DPC/FMi)
\symboldoperators=\mathgroup6
\symboldletters=\mathgroup7
\symboldsymbols=\mathgroup8
LaTeX Font Info:    Redeclaring math alphabet \mathbf on input line 141.
LaTeX Info: Redefining \bm on input line 207.
)
(/usr/share/texlive/texmf-dist/tex/latex/cite/cite.sty
LaTeX Info: Redefining \cite on input line 302.
LaTeX Info: Redefining \nocite on input line 332.
Package: cite 2015/02/27  v 5.5
)
(/usr/share/texlive/texmf-dist/tex/latex/float/float.sty
Package: float 2001/11/08 v1.3d Float enhancements (AL)
\c@float@type=\count100
\float@exts=\toks20
\float@box=\box28
\@float@everytoks=\toks21
\@floatcapt=\box29
)
(/usr/share/texlive/texmf-dist/tex/latex/tools/longtable.sty
Package: longtable 2014/10/28 v4.11 Multi-page Table package (DPC)
\LTleft=\skip47
\LTright=\skip48
\LTpre=\skip49
\LTpost=\skip50
\LTchunksize=\count101
\LTcapwidth=\dimen118
\LT@head=\box30
\LT@firsthead=\box31
\LT@foot=\box32
\LT@lastfoot=\box33
\LT@cols=\count102
\LT@rows=\count103
\c@LT@tables=\count104
\c@LT@chunks=\count105
\LT@p@ftn=\toks22
)
(/usr/share/texlive/texmf-dist/tex/latex/footmisc/footmisc.sty
Package: footmisc 2011/06/06 v5.5b a miscellany of footnote facilities
\FN@temptoken=\toks23
\footnotemargin=\dimen119
\c@pp@next@reset=\count106
Package footmisc Info: Declaring symbol style bringhurst on input line 855.
Package footmisc Info: Declaring symbol style chicago on input line 863.
Package footmisc Info: Declaring symbol style wiley on input line 872.
Package footmisc Info: Declaring symbol style lamport-robust on input line 883.

Package footmisc Info: Declaring symbol style lamport* on input line 903.
Package footmisc Info: Declaring symbol style lamport*-robust on input line 924
.
)
(/usr/share/texlive/texmf-dist/tex/latex/url/url.sty
\Urlmuskip=\muskip11
Package: url 2013/09/16  ver 3.4  Verb mode for urls, etc.
)
(/usr/share/texlive/texmf-dist/tex/latex/hyperref/hyperref.sty
Package: hyperref 2012/11/06 v6.83m Hypertext links for LaTeX

(/usr/share/texlive/texmf-dist/tex/generic/oberdiek/hobsub-hyperref.sty
Package: hobsub-hyperref 2012/05/28 v1.13 Bundle oberdiek, subset hyperref (HO)


(/usr/share/texlive/texmf-dist/tex/generic/oberdiek/hobsub-generic.sty
Package: hobsub-generic 2012/05/28 v1.13 Bundle oberdiek, subset generic (HO)
Package: hobsub 2012/05/28 v1.13 Construct package bundles (HO)
Package hobsub Info: Skipping package `infwarerr' (already loaded).
Package hobsub Info: Skipping package `ltxcmds' (already loaded).
Package: ifluatex 2010/03/01 v1.3 Provides the ifluatex switch (HO)
Package ifluatex Info: LuaTeX not detected.
Package: ifvtex 2010/03/01 v1.5 Detect VTeX and its facilities (HO)
Package ifvtex Info: VTeX not detected.
Package: intcalc 2007/09/27 v1.1 Expandable calculations with integers (HO)
Package: ifpdf 2011/01/30 v2.3 Provides the ifpdf switch (HO)
Package ifpdf Info: pdfTeX in PDF mode is detected.
Package: etexcmds 2011/02/16 v1.5 Avoid name clashes with e-TeX commands (HO)
Package etexcmds Info: Could not find \expanded.
(etexcmds)             That can mean that you are not using pdfTeX 1.50 or
(etexcmds)             that some package has redefined \expanded.
(etexcmds)             In the latter case, load this package earlier.
Package: kvsetkeys 2012/04/25 v1.16 Key value parser (HO)
Package: kvdefinekeys 2011/04/07 v1.3 Define keys (HO)
Package: pdftexcmds 2011/11/29 v0.20 Utility functions of pdfTeX for LuaTeX (HO
)
Package pdftexcmds Info: LuaTeX not detected.
Package pdftexcmds Info: \pdf@primitive is available.
Package pdftexcmds Info: \pdf@ifprimitive is available.
Package pdftexcmds Info: \pdfdraftmode found.
Package: pdfescape 2011/11/25 v1.13 Implements pdfTeX's escape features (HO)
Package: bigintcalc 2012/04/08 v1.3 Expandable calculations on big integers (HO
)
Package: bitset 2011/01/30 v1.1 Handle bit-vector datatype (HO)
Package: uniquecounter 2011/01/30 v1.2 Provide unlimited unique counter (HO)
)
Package hobsub Info: Skipping package `hobsub' (already loaded).
Package: letltxmacro 2010/09/02 v1.4 Let assignment for LaTeX macros (HO)
Package: hopatch 2012/05/28 v1.2 Wrapper for package hooks (HO)
Package: xcolor-patch 2011/01/30 xcolor patch
Package: atveryend 2011/06/30 v1.8 Hooks at the very end of document (HO)
Package atveryend Info: \enddocument detected (standard20110627).
Package: atbegshi 2011/10/05 v1.16 At begin shipout hook (HO)
Package: refcount 2011/10/16 v3.4 Data extraction from label references (HO)
Package: hycolor 2011/01/30 v1.7 Color options for hyperref/bookmark (HO)
)
(/usr/share/texlive/texmf-dist/tex/generic/ifxetex/ifxetex.sty
Package: ifxetex 2010/09/12 v0.6 Provides ifxetex conditional
)
(/usr/share/texlive/texmf-dist/tex/latex/oberdiek/auxhook.sty
Package: auxhook 2011/03/04 v1.3 Hooks for auxiliary files (HO)
)
(/usr/share/texlive/texmf-dist/tex/latex/oberdiek/kvoptions.sty
Package: kvoptions 2011/06/30 v3.11 Key value format for package options (HO)
)
\@linkdim=\dimen120
\Hy@linkcounter=\count107
\Hy@pagecounter=\count108

(/usr/share/texlive/texmf-dist/tex/latex/hyperref/pd1enc.def
File: pd1enc.def 2012/11/06 v6.83m Hyperref: PDFDocEncoding definition (HO)
)
\Hy@SavedSpaceFactor=\count109

(/usr/share/texlive/texmf-dist/tex/latex/latexconfig/hyperref.cfg
File: hyperref.cfg 2002/06/06 v1.2 hyperref configuration of TeXLive
)
Package hyperref Info: Hyper figures OFF on input line 4443.
Package hyperref Info: Link nesting OFF on input line 4448.
Package hyperref Info: Hyper index ON on input line 4451.
Package hyperref Info: Plain pages OFF on input line 4458.
Package hyperref Info: Backreferencing OFF on input line 4463.
Package hyperref Info: Implicit mode ON; LaTeX internals redefined.
Package hyperref Info: Bookmarks ON on input line 4688.
\c@Hy@tempcnt=\count110
LaTeX Info: Redefining \url on input line 5041.
\XeTeXLinkMargin=\dimen121
\Fld@menulength=\count111
\Field@Width=\dimen122
\Fld@charsize=\dimen123
Package hyperref Info: Hyper figures OFF on input line 6295.
Package hyperref Info: Link nesting OFF on input line 6300.
Package hyperref Info: Hyper index ON on input line 6303.
Package hyperref Info: backreferencing OFF on input line 6310.
Package hyperref Info: Link coloring OFF on input line 6315.
Package hyperref Info: Link coloring with OCG OFF on input line 6320.
Package hyperref Info: PDF/A mode OFF on input line 6325.
LaTeX Info: Redefining \ref on input line 6365.
LaTeX Info: Redefining \pageref on input line 6369.
\Hy@abspage=\count112
\c@Item=\count113
\c@Hfootnote=\count114
)

Package hyperref Message: Driver (autodetected): hpdftex.

(/usr/share/texlive/texmf-dist/tex/latex/hyperref/hpdftex.def
File: hpdftex.def 2012/11/06 v6.83m Hyperref driver for pdfTeX
\Fld@listcount=\count115
\c@bookmark@seq@number=\count116

(/usr/share/texlive/texmf-dist/tex/latex/oberdiek/rerunfilecheck.sty
Package: rerunfilecheck 2011/04/15 v1.7 Rerun checks for auxiliary files (HO)
Package uniquecounter Info: New unique counter `rerunfilecheck' on input line 2
82.
)
\Hy@SectionHShift=\skip51
)
(/usr/share/texlive/texmf-dist/tex/latex/natbib/natbib.sty
Package: natbib 2010/09/13 8.31b (PWD, AO)


Package natbib Warning: The `cite' package should not be used
(natbib)                with natbib. Use option `sort' instead.

\bibhang=\skip52
\bibsep=\skip53
LaTeX Info: Redefining \cite on input line 694.
LaTeX Info: Redefining \citenum on input line 708.
\c@NAT@ctr=\count117
) (/usr/share/texlive/texmf-dist/tex/latex/preprint/authblk.sty
Package: authblk 2001/02/27 1.3 (PWD)
\affilsep=\skip54
\@affilsep=\skip55
\c@Maxaffil=\count118
\c@authors=\count119
\c@affil=\count120
)
(/usr/share/texlive/texmf-dist/tex/latex/base/inputenc.sty
Package: inputenc 2015/03/17 v1.2c Input encoding file
\inpenc@prehook=\toks24
\inpenc@posthook=\toks25

(/usr/share/texlive/texmf-dist/tex/latex/ucs/utf8x.def
File: utf8x.def 2004/10/17 UCS: Input encoding UTF-8
))
(/usr/share/texlive/texmf-dist/tex/latex/ucs/ucs.sty
Package: ucs 2013/05/11 v2.2 UCS: Unicode input support

(/usr/share/texlive/texmf-dist/tex/latex/ucs/data/uni-global.def
File: uni-global.def 2013/05/13 UCS: Unicode global data
)
\uc@secondtry=\count121
\uc@combtoks=\toks26
\uc@combtoksb=\toks27
\uc@temptokena=\toks28
)
(/usr/share/texlive/texmf-dist/tex/generic/babel/babel.sty
Package: babel 2016/02/24 3.9q The Babel package

(/usr/share/texlive/texmf-dist/tex/generic/babel-english/english.ldf
Language: english 2012/08/20 v3.3p English support from the babel system

(/usr/share/texlive/texmf-dist/tex/generic/babel/babel.def
File: babel.def 2016/02/24 3.9q Babel common definitions
\babel@savecnt=\count122
\U@D=\dimen124
)
\l@canadian = a dialect from \language\l@american 
\l@australian = a dialect from \language\l@british 
\l@newzealand = a dialect from \language\l@british 
))
(/usr/share/texlive/texmf-dist/tex/latex/geometry/geometry.sty
Package: geometry 2010/09/12 v5.6 Page Geometry
\Gm@cnth=\count123
\Gm@cntv=\count124
\c@Gm@tempcnt=\count125
\Gm@bindingoffset=\dimen125
\Gm@wd@mp=\dimen126
\Gm@odd@mp=\dimen127
\Gm@even@mp=\dimen128
\Gm@layoutwidth=\dimen129
\Gm@layoutheight=\dimen130
\Gm@layouthoffset=\dimen131
\Gm@layoutvoffset=\dimen132
\Gm@dimlist=\toks29
)
Package hyperref Info: Option `colorlinks' set `true' on input line 29.
)
(/usr/share/texlive/texmf-dist/tex/latex/upquote/upquote.sty
Package: upquote 2012/04/19 v1.3 upright-quote and grave-accent glyphs in verba
tim
)
(/home/gamitjo/jrc/a4a/a4a-dev/FLa4a/vignettes/sca.aux)
\openout1 = `sca.aux'.

LaTeX Font Info:    Checking defaults for OML/cmm/m/it on input line 56.
LaTeX Font Info:    ... okay on input line 56.
LaTeX Font Info:    Checking defaults for T1/cmr/m/n on input line 56.
LaTeX Font Info:    ... okay on input line 56.
LaTeX Font Info:    Checking defaults for OT1/cmr/m/n on input line 56.
LaTeX Font Info:    ... okay on input line 56.
LaTeX Font Info:    Checking defaults for OMS/cmsy/m/n on input line 56.
LaTeX Font Info:    ... okay on input line 56.
LaTeX Font Info:    Checking defaults for OMX/cmex/m/n on input line 56.
LaTeX Font Info:    ... okay on input line 56.
LaTeX Font Info:    Checking defaults for U/cmr/m/n on input line 56.
LaTeX Font Info:    ... okay on input line 56.
LaTeX Font Info:    Checking defaults for PD1/pdf/m/n on input line 56.
LaTeX Font Info:    ... okay on input line 56.

(/usr/share/texlive/texmf-dist/tex/context/base/supp-pdf.mkii
[Loading MPS to PDF converter (version 2006.09.02).]
\scratchcounter=\count126
\scratchdimen=\dimen133
\scratchbox=\box34
\nofMPsegments=\count127
\nofMParguments=\count128
\everyMPshowfont=\toks30
\MPscratchCnt=\count129
\MPscratchDim=\dimen134
\MPnumerator=\count130
\makeMPintoPDFobject=\count131
\everyMPtoPDFconversion=\toks31
) (/usr/share/texlive/texmf-dist/tex/latex/oberdiek/epstopdf-base.sty
Package: epstopdf-base 2010/02/09 v2.5 Base part for package epstopdf

(/usr/share/texlive/texmf-dist/tex/latex/oberdiek/grfext.sty
Package: grfext 2010/08/19 v1.1 Manage graphics extensions (HO)
)
Package grfext Info: Graphics extension search list:
(grfext)             [.png,.pdf,.jpg,.mps,.jpeg,.jbig2,.jb2,.PNG,.PDF,.JPG,.JPE
G,.JBIG2,.JB2,.eps]
(grfext)             \AppendGraphicsExtensions on input line 452.

(/usr/share/texlive/texmf-dist/tex/latex/latexconfig/epstopdf-sys.cfg
File: epstopdf-sys.cfg 2010/07/13 v1.3 Configuration of (r)epstopdf for TeX Liv
e
))
\AtBeginShipoutBox=\box35
Package hyperref Info: Link coloring ON on input line 56.

(/usr/share/texlive/texmf-dist/tex/latex/hyperref/nameref.sty
Package: nameref 2012/10/27 v2.43 Cross-referencing by name of section

(/usr/share/texlive/texmf-dist/tex/generic/oberdiek/gettitlestring.sty
Package: gettitlestring 2010/12/03 v1.4 Cleanup title references (HO)
)
\c@section@level=\count132
)
LaTeX Info: Redefining \ref on input line 56.
LaTeX Info: Redefining \pageref on input line 56.
LaTeX Info: Redefining \nameref on input line 56.

(/home/gamitjo/jrc/a4a/a4a-dev/FLa4a/vignettes/sca.out)
(/home/gamitjo/jrc/a4a/a4a-dev/FLa4a/vignettes/sca.out)
\@outlinefile=\write3
\openout3 = `sca.out'.


(/usr/share/texlive/texmf-dist/tex/latex/ucs/ucsencs.def
File: ucsencs.def 2011/01/21 Fixes to fontencodings LGR, T3
)
*geometry* driver: auto-detecting
*geometry* detected driver: pdftex
*geometry* verbose mode - [ preamble ] result:
* driver: pdftex
* paper: a4paper
* layout: <same size as paper>
* layoutoffset:(h,v)=(0.0pt,0.0pt)
* modes: 
* h-part:(L,W,R)=(56.9055pt, 455.24411pt, 85.35826pt)
* v-part:(T,H,B)=(85.35826pt, 702.78308pt, 56.9055pt)
* \paperwidth=597.50787pt
* \paperheight=845.04684pt
* \textwidth=455.24411pt
* \textheight=702.78308pt
* \oddsidemargin=-15.36449pt
* \evensidemargin=-15.36449pt
* \topmargin=-23.91173pt
* \headheight=12.0pt
* \headsep=25.0pt
* \topskip=10.0pt
* \footskip=30.0pt
* \marginparwidth=57.0pt
* \marginparsep=11.0pt
* \columnsep=10.0pt
* \skip\footins=9.0pt plus 4.0pt minus 2.0pt
* \hoffset=0.0pt
* \voffset=0.0pt
* \mag=1000
* \@twocolumnfalse
* \@twosidefalse
* \@mparswitchfalse
* \@reversemarginfalse
* (1in=72.27pt=25.4mm, 1cm=28.453pt)

(/home/gamitjo/jrc/a4a/a4a-dev/FLa4a/vignettes/authors.tex)
LaTeX Font Info:    Try loading font information for U+msa on input line 62.

(/usr/share/texlive/texmf-dist/tex/latex/amsfonts/umsa.fd
File: umsa.fd 2013/01/14 v3.01 AMS symbols A
)
LaTeX Font Info:    Try loading font information for U+msb on input line 62.

(/usr/share/texlive/texmf-dist/tex/latex/amsfonts/umsb.fd
File: umsb.fd 2013/01/14 v3.01 AMS symbols B
) [1

{/home/gamitjo/.texmf-var/fonts/map/pdftex/updmap/pdftex.map}]
(/home/gamitjo/jrc/a4a/a4a-dev/FLa4a/vignettes/sca.toc
LaTeX Font Info:    Font shape `OT1/cmtt/bx/n' in size <9> not available
(Font)              Font shape `OT1/cmtt/m/n' tried instead on input line 9.
)
\tf@toc=\write4
\openout4 = `sca.toc'.

 [2]
Overfull \hbox (14.74533pt too wide) in paragraph at lines 74--75
\OT1/cmr/m/n/9 The stock as-sess-ment model frame-work is a non-linear catch-at
-age model im-ple-mented in R/FLR/ADMB
 []

LaTeX Font Info:    Try loading font information for OMS+cmr on input line 80.
(/usr/share/texlive/texmf-dist/tex/latex/base/omscmr.fd
File: omscmr.fd 2014/09/29 v2.5h Standard LaTeX font definitions
)
LaTeX Font Info:    Font shape `OMS/cmr/m/n' in size <9> not available
(Font)              Font shape `OMS/cmsy/m/n' tried instead on input line 80.

(/home/gamitjo/jrc/a4a/a4a-dev/FLa4a/vignettes/formoreinfo.tex)
Package color Info: Redefining color shadecolor on input line 111.
Package color Info: Redefining color shadecolor on input line 122.
 [3]
Package color Info: Redefining color shadecolor on input line 139.
 [4]
Package color Info: Redefining color shadecolor on input line 265.
Package color Info: Redefining color shadecolor on input line 277.

<figure/summ-1.png, id=202, 505.89pt x 505.89pt>
File: figure/summ-1.png Graphic file (type png)
 <use figure/summ-1.png>
Package pdftex.def Info: figure/summ-1.png used on input line 284.
(pdftex.def)             Requested size: 409.71692pt x 409.72232pt.

[5]
Package color Info: Redefining color shadecolor on input line 297.
 <figure/F-1.png, id=213, 505.89pt x 505.89pt>
File: figure/F-1.png Graphic file (type png)
 <use figure/F-1.png>
Package pdftex.def Info: figure/F-1.png used on input line 303.
(pdftex.def)             Requested size: 409.71692pt x 409.72232pt.
 [6 </home/gamitjo/jrc/a4a/a4a-dev/FLa4a/vignettes/figure/summ-1.png (PNG copy)
>]
Package color Info: Redefining color shadecolor on input line 316.

<figure/N-1.png, id=220, 505.89pt x 505.89pt>
File: figure/N-1.png Graphic file (type png)
 <use figure/N-1.png>
Package pdftex.def Info: figure/N-1.png used on input line 318.
(pdftex.def)             Requested size: 409.71692pt x 409.72232pt.
 [7 </home/gamitjo/jrc/a4a/a4a-dev/FLa4a/vignettes/figure/F-1.png>]
Package color Info: Redefining color shadecolor on input line 331.

<figure/C-1.png, id=229, 505.89pt x 505.89pt>
File: figure/C-1.png Graphic file (type png)
 <use figure/C-1.png>
Package pdftex.def Info: figure/C-1.png used on input line 333.
(pdftex.def)             Requested size: 409.71692pt x 409.72232pt.
 [8 </home/gamitjo/jrc/a4a/a4a-dev/FLa4a/vignettes/figure/N-1.png>]
Package color Info: Redefining color shadecolor on input line 350.
Package color Info: Redefining color shadecolor on input line 360.

<figure/res-1.png, id=237, 505.89pt x 505.89pt>
File: figure/res-1.png Graphic file (type png)
 <use figure/res-1.png>
Package pdftex.def Info: figure/res-1.png used on input line 366.
(pdftex.def)             Requested size: 409.71692pt x 409.72232pt.
 [9 </home/gamitjo/jrc/a4a/a4a-dev/FLa4a/vignettes/figure/C-1.png>]
Package color Info: Redefining color shadecolor on input line 379.

<figure/bub-1.png, id=246, 505.89pt x 505.89pt>
File: figure/bub-1.png Graphic file (type png)
 <use figure/bub-1.png>
Package pdftex.def Info: figure/bub-1.png used on input line 385.
(pdftex.def)             Requested size: 409.71692pt x 409.72232pt.
 [10 </home/gamitjo/jrc/a4a/a4a-dev/FLa4a/vignettes/figure/res-1.png>]
Package color Info: Redefining color shadecolor on input line 398.

<figure/qq-1.png, id=254, 505.89pt x 505.89pt>
File: figure/qq-1.png Graphic file (type png)
 <use figure/qq-1.png>
Package pdftex.def Info: figure/qq-1.png used on input line 404.
(pdftex.def)             Requested size: 409.71692pt x 409.72232pt.
 [11 </home/gamitjo/jrc/a4a/a4a-dev/FLa4a/vignettes/figure/bub-1.png>]
Package color Info: Redefining color shadecolor on input line 417.

<figure/selplt-1.png, id=262, 505.89pt x 505.89pt>
File: figure/selplt-1.png Graphic file (type png)
 <use figure/selplt-1.png>
Package pdftex.def Info: figure/selplt-1.png used on input line 423.
(pdftex.def)             Requested size: 409.71692pt x 409.72232pt.

[12 </home/gamitjo/jrc/a4a/a4a-dev/FLa4a/vignettes/figure/qq-1.png>]
Package color Info: Redefining color shadecolor on input line 434.

<figure/idxplt-1.png, id=270, 505.89pt x 505.89pt>
File: figure/idxplt-1.png Graphic file (type png)
 <use figure/idxplt-1.png>
Package pdftex.def Info: figure/idxplt-1.png used on input line 440.
(pdftex.def)             Requested size: 409.71692pt x 409.72232pt.

[13 </home/gamitjo/jrc/a4a/a4a-dev/FLa4a/vignettes/figure/selplt-1.png>]
<figure/idxplt-2.png, id=277, 505.89pt x 505.89pt>
File: figure/idxplt-2.png Graphic file (type png)
 <use figure/idxplt-2.png>
Package pdftex.def Info: figure/idxplt-2.png used on input line 449.
(pdftex.def)             Requested size: 409.71692pt x 409.72232pt.

[14 </home/gamitjo/jrc/a4a/a4a-dev/FLa4a/vignettes/figure/idxplt-1.png>]
<figure/idxplt-3.png, id=284, 505.89pt x 505.89pt>
File: figure/idxplt-3.png Graphic file (type png)
 <use figure/idxplt-3.png>
Package pdftex.def Info: figure/idxplt-3.png used on input line 458.
(pdftex.def)             Requested size: 409.71692pt x 409.72232pt.

[15 </home/gamitjo/jrc/a4a/a4a-dev/FLa4a/vignettes/figure/idxplt-2.png>]
Package color Info: Redefining color shadecolor on input line 478.
LaTeX Font Info:    Font shape `OT1/cmtt/bx/n' in size <14.4> not available
(Font)              Font shape `OT1/cmtt/m/n' tried instead on input line 508.

[16 </home/gamitjo/jrc/a4a/a4a-dev/FLa4a/vignettes/figure/idxplt-3.png>]
Package color Info: Redefining color shadecolor on input line 525.
Package color Info: Redefining color shadecolor on input line 537.

<figure/sep1-1.png, id=298, 505.89pt x 505.89pt>
File: figure/sep1-1.png Graphic file (type png)
 <use figure/sep1-1.png>
Package pdftex.def Info: figure/sep1-1.png used on input line 539.
(pdftex.def)             Requested size: 409.71692pt x 409.72232pt.

[17]
Package color Info: Redefining color shadecolor on input line 552.
Package color Info: Redefining color shadecolor on input line 563.
 <figure/sep2-1.png, id=306, 505.89pt x 505.89pt>
File: figure/sep2-1.png Graphic file (type png)
 <use figure/sep2-1.png>
Package pdftex.def Info: figure/sep2-1.png used on input line 565.
(pdftex.def)             Requested size: 409.71692pt x 409.72232pt.

[18 </home/gamitjo/jrc/a4a/a4a-dev/FLa4a/vignettes/figure/sep1-1.png>]
Package color Info: Redefining color shadecolor on input line 578.
Package color Info: Redefining color shadecolor on input line 587.

<figure/te1-1.png, id=315, 505.89pt x 505.89pt>
File: figure/te1-1.png Graphic file (type png)
 <use figure/te1-1.png>
Package pdftex.def Info: figure/te1-1.png used on input line 589.
(pdftex.def)             Requested size: 409.71692pt x 409.72232pt.
 [19 </home/gamitjo/jrc/a4a/a4a-dev/FLa4a/vignettes/figure/sep2-1.png>]
Package color Info: Redefining color shadecolor on input line 602.
Package color Info: Redefining color shadecolor on input line 612.

<figure/age1-1.png, id=324, 505.89pt x 505.89pt>
File: figure/age1-1.png Graphic file (type png)
 <use figure/age1-1.png>
Package pdftex.def Info: figure/age1-1.png used on input line 614.
(pdftex.def)             Requested size: 409.71692pt x 409.72232pt.

[20 </home/gamitjo/jrc/a4a/a4a-dev/FLa4a/vignettes/figure/te1-1.png>]
Package color Info: Redefining color shadecolor on input line 631.
Package color Info: Redefining color shadecolor on input line 642.
Package color Info: Redefining color shadecolor on input line 653.
 [21 </home/gamitjo/jrc/a4a/a4a-dev/FLa4a/vignettes/figure/age1-1.png>]
Package color Info: Redefining color shadecolor on input line 669.

<figure/dummyage-1.png, id=339, 505.89pt x 505.89pt>
File: figure/dummyage-1.png Graphic file (type png)

<use figure/dummyage-1.png>
Package pdftex.def Info: figure/dummyage-1.png used on input line 671.
(pdftex.def)             Requested size: 409.71692pt x 409.72232pt.
Package color Info: Redefining color shadecolor on input line 684.
 [22 </home/gamitjo/jrc/a4a/a4a-dev/FLa4a/vignettes/figure/dummyage-1.png>]
Package color Info: Redefining color shadecolor on input line 700.
 <figure/smoothage-1.png, id=347, 505.89pt x 505.89pt>
File: figure/smoothage-1.png Graphic file (type png)

<use figure/smoothage-1.png>
Package pdftex.def Info: figure/smoothage-1.png used on input line 702.
(pdftex.def)             Requested size: 409.71692pt x 409.72232pt.
Package color Info: Redefining color shadecolor on input line 715.
Package color Info: Redefining color shadecolor on input line 731.
 <figure/te2-1.png, id=349, 505.89pt x 505.89pt>
File: figure/te2-1.png Graphic file (type png)

<use figure/te2-1.png>
Package pdftex.def Info: figure/te2-1.png used on input line 733.
(pdftex.def)             Requested size: 409.71692pt x 409.72232pt.
 [23 </home/gamitjo/jrc/a4a/a4a-dev/FLa4a/vignettes/figure/smoothage-1.png>]
Package color Info: Redefining color shadecolor on input line 746.
Package color Info: Redefining color shadecolor on input line 762.
 <figure/qtrend-1.png, id=357, 505.89pt x 505.89pt>
File: figure/qtrend-1.png Graphic file (type png)

<use figure/qtrend-1.png>
Package pdftex.def Info: figure/qtrend-1.png used on input line 764.
(pdftex.def)             Requested size: 409.71692pt x 409.72232pt.
 [24 </home/gamitjo/jrc/a4a/a4a-dev/FLa4a/vignettes/figure/te2-1.png>]
Package color Info: Redefining color shadecolor on input line 779.
 [25 </home/gamitjo/jrc/a4a/a4a-dev/FLa4a/vignettes/figure/qtrend-1.png>]
Package color Info: Redefining color shadecolor on input line 816.
 <figure/resbio-1.png, id=371, 505.89pt x 505.89pt>
File: figure/resbio-1.png Graphic file (type png)

<use figure/resbio-1.png>
Package pdftex.def Info: figure/resbio-1.png used on input line 818.
(pdftex.def)             Requested size: 409.71692pt x 409.72232pt.
Package color Info: Redefining color shadecolor on input line 831.
 [26 </home/gamitjo/jrc/a4a/a4a-dev/FLa4a/vignettes/figure/resbio-1.png>]
Package color Info: Redefining color shadecolor on input line 852.
 <figure/resbio2-1.png, id=379, 505.89pt x 505.89pt>
File: figure/resbio2-1.png Graphic file (type png)

<use figure/resbio2-1.png>
Package pdftex.def Info: figure/resbio2-1.png used on input line 854.
(pdftex.def)             Requested size: 409.71692pt x 409.72232pt.
Package color Info: Redefining color shadecolor on input line 869.
Package color Info: Redefining color shadecolor on input line 879.
 <figure/resrec-1.png, id=381, 505.89pt x 505.89pt>
File: figure/resrec-1.png Graphic file (type png)

<use figure/resrec-1.png>
Package pdftex.def Info: figure/resrec-1.png used on input line 881.
(pdftex.def)             Requested size: 409.71692pt x 409.72232pt.
 [27 </home/gamitjo/jrc/a4a/a4a-dev/FLa4a/vignettes/figure/resbio2-1.png>]
Package color Info: Redefining color shadecolor on input line 896.
Package color Info: Redefining color shadecolor on input line 905.
 [28 </home/gamitjo/jrc/a4a/a4a-dev/FLa4a/vignettes/figure/resrec-1.png>]
Package color Info: Redefining color shadecolor on input line 924.
 <figure/srmod-1.png, id=396, 505.89pt x 505.89pt>
File: figure/srmod-1.png Graphic file (type png)

<use figure/srmod-1.png>
Package pdftex.def Info: figure/srmod-1.png used on input line 926.
(pdftex.def)             Requested size: 409.71692pt x 409.72232pt.
Package color Info: Redefining color shadecolor on input line 941.
 [29 </home/gamitjo/jrc/a4a/a4a-dev/FLa4a/vignettes/figure/srmod-1.png (PNG cop
y)>]
Package color Info: Redefining color shadecolor on input line 963.

<figure/majeffy-1.png, id=403, 505.89pt x 505.89pt>
File: figure/majeffy-1.png Graphic file (type png)
 <use figure/majeffy-1.png>
Package pdftex.def Info: figure/majeffy-1.png used on input line 965.
(pdftex.def)             Requested size: 409.71692pt x 409.72232pt.
Package color Info: Redefining color shadecolor on input line 976.

<figure/majeffa-1.png, id=404, 505.89pt x 505.89pt>
File: figure/majeffa-1.png Graphic file (type png)
 <use figure/majeffa-1.png>
Package pdftex.def Info: figure/majeffa-1.png used on input line 978.
(pdftex.def)             Requested size: 409.71692pt x 409.72232pt.

[30 </home/gamitjo/jrc/a4a/a4a-dev/FLa4a/vignettes/figure/majeffy-1.png>]
Package color Info: Redefining color shadecolor on input line 989.

<figure/majeffc-1.png, id=412, 505.89pt x 505.89pt>
File: figure/majeffc-1.png Graphic file (type png)
 <use figure/majeffc-1.png>
Package pdftex.def Info: figure/majeffc-1.png used on input line 991.
(pdftex.def)             Requested size: 409.71692pt x 409.72232pt.

[31 </home/gamitjo/jrc/a4a/a4a-dev/FLa4a/vignettes/figure/majeffa-1.png>]
Package color Info: Redefining color shadecolor on input line 1006.
Package color Info: Redefining color shadecolor on input line 1029.

[32 </home/gamitjo/jrc/a4a/a4a-dev/FLa4a/vignettes/figure/majeffc-1.png>]
Package color Info: Redefining color shadecolor on input line 1039.

<figure/ny1-1.png, id=426, 505.89pt x 505.89pt>
File: figure/ny1-1.png Graphic file (type png)
 <use figure/ny1-1.png>
Package pdftex.def Info: figure/ny1-1.png used on input line 1041.
(pdftex.def)             Requested size: 409.71692pt x 409.72232pt.
Package color Info: Redefining color shadecolor on input line 1058.
 [33 </home/gamitjo/jrc/a4a/a4a-dev/FLa4a/vignettes/figure/ny1-1.png>]
Package color Info: Redefining color shadecolor on input line 1070.

<figure/varmod-1.png, id=435, 505.89pt x 505.89pt>
File: figure/varmod-1.png Graphic file (type png)
 <use figure/varmod-1.png>
Package pdftex.def Info: figure/varmod-1.png used on input line 1072.
(pdftex.def)             Requested size: 409.71692pt x 409.72232pt.
Package color Info: Redefining color shadecolor on input line 1087.
Package color Info: Redefining color shadecolor on input line 1103.

[34 </home/gamitjo/jrc/a4a/a4a-dev/FLa4a/vignettes/figure/varmod-1.png (PNG cop
y)>]
Package color Info: Redefining color shadecolor on input line 1113.
 <figure/naor-1.png, id=442, 505.89pt x 505.89pt>
File: figure/naor-1.png Graphic file (type png)
 <use figure/naor-1.png>
Package pdftex.def Info: figure/naor-1.png used on input line 1115.
(pdftex.def)             Requested size: 409.71692pt x 409.72232pt.
Package color Info: Redefining color shadecolor on input line 1128.
Package color Info: Redefining color shadecolor on input line 1138.

<figure/naor2-1.png, id=444, 505.89pt x 505.89pt>
File: figure/naor2-1.png Graphic file (type png)
 <use figure/naor2-1.png>
Package pdftex.def Info: figure/naor2-1.png used on input line 1140.
(pdftex.def)             Requested size: 409.71692pt x 409.72232pt.

[35 </home/gamitjo/jrc/a4a/a4a-dev/FLa4a/vignettes/figure/naor-1.png>]
LaTeX Font Info:    Font shape `OT1/cmtt/bx/n' in size <12> not available
(Font)              Font shape `OT1/cmtt/m/n' tried instead on input line 1152.

Package color Info: Redefining color shadecolor on input line 1157.
Package color Info: Redefining color shadecolor on input line 1172.
Package color Info: Redefining color shadecolor on input line 1184.
 [36 </home/gamitjo/jrc/a4a/a4a-dev/FLa4a/vignettes/figure/naor2-1.png>]
Package color Info: Redefining color shadecolor on input line 1207.
Package color Info: Redefining color shadecolor on input line 1216.

<figure/sim-1.png, id=459, 505.89pt x 505.89pt>
File: figure/sim-1.png Graphic file (type png)
 <use figure/sim-1.png>
Package pdftex.def Info: figure/sim-1.png used on input line 1218.
(pdftex.def)             Requested size: 409.71692pt x 409.72232pt.
 [37]
Package color Info: Redefining color shadecolor on input line 1229.

<figure/sim2-1.png, id=467, 505.89pt x 505.89pt>
File: figure/sim2-1.png Graphic file (type png)
 <use figure/sim2-1.png>
Package pdftex.def Info: figure/sim2-1.png used on input line 1231.
(pdftex.def)             Requested size: 409.71692pt x 409.72232pt.

[38 </home/gamitjo/jrc/a4a/a4a-dev/FLa4a/vignettes/figure/sim-1.png (PNG copy)>
]
Package color Info: Redefining color shadecolor on input line 1248.
Package color Info: Redefining color shadecolor on input line 1260.
 [39 </home/gamitjo/jrc/a4a/a4a-dev/FLa4a/vignettes/figure/sim2-1.png (PNG copy
)>]
Package color Info: Redefining color shadecolor on input line 1314.
Package color Info: Redefining color shadecolor on input line 1338.
Package color Info: Redefining color shadecolor on input line 1349.
 <figure/unnamed-chunk-34-1.png, id=477, 505.89pt x 505.89pt>
File: figure/unnamed-chunk-34-1.png Graphic file (type png)

<use figure/unnamed-chunk-34-1.png>
Package pdftex.def Info: figure/unnamed-chunk-34-1.png used on input line 1351.

(pdftex.def)             Requested size: 364.71716pt x 364.72682pt.
 [40]
Package color Info: Redefining color shadecolor on input line 1362.
Package color Info: Redefining color shadecolor on input line 1374.

<figure/unnamed-chunk-36-1.png, id=482, 578.16pt x 722.7pt>
File: figure/unnamed-chunk-36-1.png Graphic file (type png)

<use figure/unnamed-chunk-36-1.png>
Package pdftex.def Info: figure/unnamed-chunk-36-1.png used on input line 1376.

(pdftex.def)             Requested size: 364.71716pt x 455.88786pt.
 [41 </home/gamitjo/jrc/a4a/a4a-dev/FLa4a/vignettes/figure/unnamed-chunk-34-1.p
ng (PNG copy)>]
Package color Info: Redefining color shadecolor on input line 1389.
Package color Info: Redefining color shadecolor on input line 1401.
 [42 </home/gamitjo/jrc/a4a/a4a-dev/FLa4a/vignettes/figure/unnamed-chunk-36-1.p
ng>]
Package color Info: Redefining color shadecolor on input line 1421.

<figure/likwgt-1.png, id=494, 505.89pt x 505.89pt>
File: figure/likwgt-1.png Graphic file (type png)
 <use figure/likwgt-1.png>
Package pdftex.def Info: figure/likwgt-1.png used on input line 1423.
(pdftex.def)             Requested size: 409.71692pt x 409.72232pt.
Package color Info: Redefining color shadecolor on input line 1440.
Package color Info: Redefining color shadecolor on input line 1449.

<figure/rep-1.png, id=496, 505.89pt x 505.89pt>
File: figure/rep-1.png Graphic file (type png)
 <use figure/rep-1.png>
Package pdftex.def Info: figure/rep-1.png used on input line 1451.
(pdftex.def)             Requested size: 409.71692pt x 409.72232pt.
 [43 </home/gamitjo/jrc/a4a/a4a-dev/FLa4a/vignettes/figure/likwgt-1.png (PNG co
py)>]
Package color Info: Redefining color shadecolor on input line 1464.
Package color Info: Redefining color shadecolor on input line 1473.

<figure/logistic-1.png, id=504, 505.89pt x 505.89pt>
File: figure/logistic-1.png Graphic file (type png)

<use figure/logistic-1.png>
Package pdftex.def Info: figure/logistic-1.png used on input line 1475.
(pdftex.def)             Requested size: 409.71692pt x 409.72232pt.
 [44 </home/gamitjo/jrc/a4a/a4a-dev/FLa4a/vignettes/figure/rep-1.png>]
Package color Info: Redefining color shadecolor on input line 1488.
Package color Info: Redefining color shadecolor on input line 1497.
 <figure/brk-1.png, id=512, 505.89pt x 505.89pt>
File: figure/brk-1.png Graphic file (type png)

<use figure/brk-1.png>
Package pdftex.def Info: figure/brk-1.png used on input line 1499.
(pdftex.def)             Requested size: 409.71692pt x 409.72232pt.
 [45 </home/gamitjo/jrc/a4a/a4a-dev/FLa4a/vignettes/figure/logistic-1.png>]
Package color Info: Redefining color shadecolor on input line 1512.
Package color Info: Redefining color shadecolor on input line 1521.
 <figure/ageind-1.png, id=520, 505.89pt x 505.89pt>
File: figure/ageind-1.png Graphic file (type png)

<use figure/ageind-1.png>
Package pdftex.def Info: figure/ageind-1.png used on input line 1523.
(pdftex.def)             Requested size: 409.71692pt x 409.72232pt.
 [46 </home/gamitjo/jrc/a4a/a4a-dev/FLa4a/vignettes/figure/brk-1.png>]
Package color Info: Redefining color shadecolor on input line 1536.
Package color Info: Redefining color shadecolor on input line 1545.
 <figure/coh-1.png, id=528, 505.89pt x 505.89pt>
File: figure/coh-1.png Graphic file (type png)

<use figure/coh-1.png>
Package pdftex.def Info: figure/coh-1.png used on input line 1547.
(pdftex.def)             Requested size: 409.71692pt x 409.72232pt.
 [47 </home/gamitjo/jrc/a4a/a4a-dev/FLa4a/vignettes/figure/ageind-1.png>]
Package color Info: Redefining color shadecolor on input line 1562.
Package color Info: Redefining color shadecolor on input line 1574.
 [48 </home/gamitjo/jrc/a4a/a4a-dev/FLa4a/vignettes/figure/coh-1.png>]
Package color Info: Redefining color shadecolor on input line 1600.
Package color Info: Redefining color shadecolor on input line 1610.
 <figure/mprop-1.png, id=541, 578.16pt x 722.7pt>
File: figure/mprop-1.png Graphic file (type png)

<use figure/mprop-1.png>
Package pdftex.def Info: figure/mprop-1.png used on input line 1612.
(pdftex.def)             Requested size: 409.71692pt x 512.13914pt.
 [49 </home/gamitjo/jrc/a4a/a4a-dev/FLa4a/vignettes/figure/mprop-1.png>]
Package color Info: Redefining color shadecolor on input line 1642.
Package color Info: Redefining color shadecolor on input line 1663.
 <figure/wcsam-1.png, id=552, 578.16pt x 722.7pt>
File: figure/wcsam-1.png Graphic file (type png)

<use figure/wcsam-1.png>
Package pdftex.def Info: figure/wcsam-1.png used on input line 1665.
(pdftex.def)             Requested size: 409.71692pt x 512.13914pt.
 [50]
Package color Info: Redefining color shadecolor on input line 1682.
LaTeX Font Info:    Try loading font information for OMS+cmtt on input line 169
4.

(/home/gamitjo/R/lib64/R/share/texmf/tex/latex/omscmtt.fd
File: omscmtt.fd 
)
LaTeX Font Info:    Font shape `OMS/cmtt/m/n' in size <9> not available
(Font)              Font shape `OMS/cmsy/m/n' tried instead on input line 1694.

 [51 </home/gamitjo/jrc/a4a/a4a-dev/FLa4a/vignettes/figure/wcsam-1.png>]
Package color Info: Redefining color shadecolor on input line 1714.

<figure/wcsampar-1.png, id=566, 505.89pt x 505.89pt>
File: figure/wcsampar-1.png Graphic file (type png)

<use figure/wcsampar-1.png>
Package pdftex.def Info: figure/wcsampar-1.png used on input line 1716.
(pdftex.def)             Requested size: 409.71692pt x 409.72232pt.
Package atveryend Info: Empty hook `BeforeClearDocument' on input line 1812.
 [52 </home/gamitjo/jrc/a4a/a4a-dev/FLa4a/vignettes/figure/wcsampar-1.png>]
Package atveryend Info: Empty hook `AfterLastShipout' on input line 1812.
 (/home/gamitjo/jrc/a4a/a4a-dev/FLa4a/vignettes/sca.aux)
Package atveryend Info: Executing hook `AtVeryEndDocument' on input line 1812.
Package atveryend Info: Executing hook `AtEndAfterFileList' on input line 1812.

Package rerunfilecheck Info: File `sca.out' has not changed.
(rerunfilecheck)             Checksum: 4094268343451200DFA995BE187AC769;2145.
Package atveryend Info: Empty hook `AtVeryVeryEnd' on input line 1812.
 ) 
Here is how much of TeX's memory you used:
 8440 strings out of 494433
 121443 string characters out of 6170337
 229869 words of memory out of 5000000
 11535 multiletter control sequences out of 15000+600000
 17312 words of font info for 65 fonts, out of 8000000 for 9000
 286 hyphenation exceptions out of 8191
 36i,6n,29p,1732b,394s stack positions out of 5000i,500n,10000p,200000b,80000s
</usr/share/texlive/texmf-dist/fonts/type1/public/amsfonts/cm/cmbx10.pfb></us
r/share/texlive/texmf-dist/fonts/type1/public/amsfonts/cm/cmbx12.pfb></usr/shar
e/texlive/texmf-dist/fonts/type1/public/amsfonts/cm/cmbx9.pfb></usr/share/texli
ve/texmf-dist/fonts/type1/public/amsfonts/cmextra/cmex7.pfb></usr/share/texlive
/texmf-dist/fonts/type1/public/amsfonts/cmextra/cmex9.pfb></usr/share/texlive/t
exmf-dist/fonts/type1/public/amsfonts/cm/cmmi5.pfb></usr/share/texlive/texmf-di
st/fonts/type1/public/amsfonts/cm/cmmi6.pfb></usr/share/texlive/texmf-dist/font
s/type1/public/amsfonts/cm/cmmi9.pfb></usr/share/texlive/texmf-dist/fonts/type1
/public/amsfonts/cmextra/cmmib6.pfb></usr/share/texlive/texmf-dist/fonts/type1/
public/amsfonts/cmextra/cmmib9.pfb></usr/share/texlive/texmf-dist/fonts/type1/p
ublic/amsfonts/cm/cmr10.pfb></usr/share/texlive/texmf-dist/fonts/type1/public/a
msfonts/cm/cmr12.pfb></usr/share/texlive/texmf-dist/fonts/type1/public/amsfonts
/cm/cmr17.pfb></usr/share/texlive/texmf-dist/fonts/type1/public/amsfonts/cm/cmr
5.pfb></usr/share/texlive/texmf-dist/fonts/type1/public/amsfonts/cm/cmr6.pfb></
usr/share/texlive/texmf-dist/fonts/type1/public/amsfonts/cm/cmr8.pfb></usr/shar
e/texlive/texmf-dist/fonts/type1/public/amsfonts/cm/cmr9.pfb></usr/share/texliv
e/texmf-dist/fonts/type1/public/amsfonts/cm/cmsy5.pfb></usr/share/texlive/texmf
-dist/fonts/type1/public/amsfonts/cm/cmsy6.pfb></usr/share/texlive/texmf-dist/f
onts/type1/public/amsfonts/cm/cmsy9.pfb></usr/share/texlive/texmf-dist/fonts/ty
pe1/public/amsfonts/cm/cmti9.pfb></usr/share/texlive/texmf-dist/fonts/type1/pub
lic/amsfonts/cm/cmtt12.pfb></usr/share/texlive/texmf-dist/fonts/type1/public/am
sfonts/cm/cmtt9.pfb>
Output written on sca.pdf (52 pages, 2004304 bytes).
PDF statistics:
 676 PDF objects out of 1000 (max. 8388607)
 514 compressed objects within 6 object streams
 125 named destinations out of 1000 (max. 500000)
 448 words of extra memory for PDF output out of 10000 (max. 10000000)

